<?xml version="1.0" encoding="UTF-8"?>
<!-- Generated by org.testng.reporters.JUnitReportReporter -->
<testsuite hostname="LAPTOP-O1ONHJO3" failures="0" tests="1" name="com.testng.attributes.TimeOutAttr" time="4.041" errors="1" timestamp="2023-12-09T05:44:14 IST" skipped="0">
  <testcase classname="com.testng.attributes.TimeOutAttr" name="searchJava" time="4.041">
    <error message="Method com.testng.attributes.TimeOutAttr.searchJava() didn&#039;t finish within the time-out 4000" type="org.testng.internal.thread.ThreadTimeoutException">
      <![CDATA[org.testng.internal.thread.ThreadTimeoutException: Method com.testng.attributes.TimeOutAttr.searchJava() didn't finish within the time-out 4000
at java.base@18.0.1/jdk.internal.misc.Unsafe.park(Native Method)
at java.base@18.0.1/java.util.concurrent.locks.LockSupport.parkNanos(LockSupport.java:252)
at java.base@18.0.1/java.util.concurrent.CompletableFuture$Signaller.block(CompletableFuture.java:1866)
at java.base@18.0.1/java.util.concurrent.ForkJoinPool.unmanagedBlock(ForkJoinPool.java:3464)
at java.base@18.0.1/java.util.concurrent.ForkJoinPool.managedBlock(ForkJoinPool.java:3435)
at java.base@18.0.1/java.util.concurrent.CompletableFuture.timedGet(CompletableFuture.java:1939)
at java.base@18.0.1/java.util.concurrent.CompletableFuture.get(CompletableFuture.java:2095)
at app//org.openqa.selenium.remote.http.jdk.JdkHttpClient.execute0(JdkHttpClient.java:393)
at app//org.openqa.selenium.remote.http.jdk.JdkHttpClient$$Lambda$250/0x0000000800207ab0.execute(Unknown Source)
at app//org.openqa.selenium.remote.http.AddSeleniumUserAgent.lambda$apply$0(AddSeleniumUserAgent.java:42)
at app//org.openqa.selenium.remote.http.AddSeleniumUserAgent$$Lambda$397/0x0000000800292e20.execute(Unknown Source)
at app//org.openqa.selenium.remote.http.Filter.lambda$andFinally$1(Filter.java:55)
at app//org.openqa.selenium.remote.http.Filter$$Lambda$251/0x0000000800207cd0.execute(Unknown Source)
at app//org.openqa.selenium.remote.http.jdk.JdkHttpClient.execute(JdkHttpClient.java:366)
at app//org.openqa.selenium.remote.HttpCommandExecutor.execute(HttpCommandExecutor.java:188)
at app//org.openqa.selenium.remote.service.DriverCommandExecutor.invokeExecute(DriverCommandExecutor.java:200)
at app//org.openqa.selenium.remote.service.DriverCommandExecutor.execute(DriverCommandExecutor.java:175)
at app//org.openqa.selenium.remote.RemoteWebDriver.execute(RemoteWebDriver.java:607)
at app//org.openqa.selenium.remote.RemoteWebDriver.get(RemoteWebDriver.java:309)
at app//com.base.utils.BaseClass.browserLaunch(BaseClass.java:92)
at app//com.testng.attributes.TimeOutAttr.searchJava(TimeOutAttr.java:14)
at java.base@18.0.1/java.lang.invoke.LambdaForm$DMH/0x0000000800195800.invokeVirtual(LambdaForm$DMH)
at java.base@18.0.1/java.lang.invoke.LambdaForm$MH/0x0000000800196000.invoke(LambdaForm$MH)
at java.base@18.0.1/java.lang.invoke.Invokers$Holder.invokeExact_MT(Invokers$Holder)
at java.base@18.0.1/jdk.internal.reflect.DirectMethodHandleAccessor.invokeImpl(DirectMethodHandleAccessor.java:154)
at java.base@18.0.1/jdk.internal.reflect.DirectMethodHandleAccessor.invoke(DirectMethodHandleAccessor.java:104)
at java.base@18.0.1/java.lang.reflect.Method.invoke(Method.java:577)
at app//org.testng.internal.invokers.MethodInvocationHelper.invokeMethod(MethodInvocationHelper.java:139)
at app//org.testng.internal.invokers.InvokeMethodRunnable.runOne(InvokeMethodRunnable.java:47)
at app//org.testng.internal.invokers.InvokeMethodRunnable.call(InvokeMethodRunnable.java:76)
at app//org.testng.internal.invokers.InvokeMethodRunnable.call(InvokeMethodRunnable.java:11)
at java.base@18.0.1/java.util.concurrent.FutureTask.run(FutureTask.java:264)
at java.base@18.0.1/java.util.concurrent.ThreadPoolExecutor.runWorker(ThreadPoolExecutor.java:1136)
at java.base@18.0.1/java.util.concurrent.ThreadPoolExecutor$Worker.run(ThreadPoolExecutor.java:635)
at java.base@18.0.1/java.lang.Thread.run(Thread.java:833)
]]>
    </error>
  </testcase> <!-- searchJava -->
  <system-out/>
</testsuite> <!-- com.testng.attributes.TimeOutAttr -->
